<?xml version="1.0" encoding="UTF-8"?>
<!-- Generated by org.testng.reporters.JUnitReportReporter -->
<testsuite skipped="0" hostname="DESKTOP-RIL1DGV" name="FirstDemo.LoginPage" tests="1" failures="0" timestamp="2020-11-18T13:08:55 IST" time="0.011" errors="0">
  <testcase name="loginPage" time="0.011" classname="FirstDemo.LoginPage"/>
  <system-out/>
</testsuite> <!-- FirstDemo.LoginPage -->
